

Started GET "/" for ::1 at 2019-09-11 10:14:32 +0300
Processing by AccueilController#index as HTML
  Rendering accueil/index.html.erb within layouts/application
  [1m[36mUser Load (13.1ms)[0m  [1m[34mSELECT "users".* FROM "users" WHERE "users"."id" = $1 ORDER BY "users"."id" ASC LIMIT $2[0m  [["id", 3], ["LIMIT", 1]]
  ↳ app/views/accueil/index.html.erb:2
  Rendered accueil/index.html.erb within layouts/application (Duration: 55.8ms | Allocations: 1331)
Completed 200 OK in 389ms (Views: 341.4ms | ActiveRecord: 13.4ms | Allocations: 7083)


Started GET "/" for ::1 at 2019-09-11 10:14:44 +0300
Processing by AccueilController#index as HTML
  Rendering accueil/index.html.erb within layouts/application
  Rendered accueil/index.html.erb within layouts/application (Duration: 0.3ms | Allocations: 77)
  [1m[36mUser Load (0.3ms)[0m  [1m[34mSELECT "users".* FROM "users" WHERE "users"."id" = $1 ORDER BY "users"."id" ASC LIMIT $2[0m  [["id", 3], ["LIMIT", 1]]
  ↳ app/views/layouts/application.html.erb:15
Completed 200 OK in 10ms (Views: 9.0ms | ActiveRecord: 0.3ms | Allocations: 6748)


Started GET "/" for ::1 at 2019-09-11 10:15:00 +0300
Processing by AccueilController#index as HTML
  Rendering accueil/index.html.erb within layouts/application
  Rendered accueil/index.html.erb within layouts/application (Duration: 0.3ms | Allocations: 72)
  [1m[36mUser Load (3.6ms)[0m  [1m[34mSELECT "users".* FROM "users" WHERE "users"."id" = $1 ORDER BY "users"."id" ASC LIMIT $2[0m  [["id", 3], ["LIMIT", 1]]
  ↳ app/views/layouts/application.html.erb:15
Completed 200 OK in 18ms (Views: 13.4ms | ActiveRecord: 3.6ms | Allocations: 6740)


Started GET "/users/edit" for ::1 at 2019-09-11 10:15:05 +0300
Processing by Devise::RegistrationsController#edit as HTML
  [1m[36mUser Load (0.6ms)[0m  [1m[34mSELECT "users".* FROM "users" WHERE "users"."id" = $1 ORDER BY "users"."id" ASC LIMIT $2[0m  [["id", 3], ["LIMIT", 1]]
  Rendering devise/registrations/edit.html.erb within layouts/application
  Rendered devise/shared/_error_messages.html.erb (Duration: 1.1ms | Allocations: 215)
  Rendered devise/registrations/edit.html.erb within layouts/application (Duration: 275.6ms | Allocations: 3249)
Completed 200 OK in 291ms (Views: 286.5ms | ActiveRecord: 0.6ms | Allocations: 10470)


Started GET "/users/edit" for ::1 at 2019-09-11 10:15:26 +0300
Processing by Devise::RegistrationsController#edit as HTML
  [1m[36mUser Load (0.4ms)[0m  [1m[34mSELECT "users".* FROM "users" WHERE "users"."id" = $1 ORDER BY "users"."id" ASC LIMIT $2[0m  [["id", 3], ["LIMIT", 1]]
  Rendering devise/registrations/edit.html.erb within layouts/application
  Rendered devise/shared/_error_messages.html.erb (Duration: 0.1ms | Allocations: 15)
  Rendered devise/registrations/edit.html.erb within layouts/application (Duration: 4.1ms | Allocations: 1778)
Completed 200 OK in 20ms (Views: 16.6ms | ActiveRecord: 0.4ms | Allocations: 7882)


Started DELETE "/users/sign_out" for ::1 at 2019-09-11 10:15:35 +0300
Processing by Devise::SessionsController#destroy as HTML
  Parameters: {"authenticity_token"=>"FZ1quc2Lb8GZmRroxSclr2qpM04tShqqv7gMtF4hNYfeFOLJ1poLm8OxqPAh0ksupEkl44tccP4PVCmLU8EMIg=="}
  [1m[36mUser Load (0.4ms)[0m  [1m[34mSELECT "users".* FROM "users" WHERE "users"."id" = $1 ORDER BY "users"."id" ASC LIMIT $2[0m  [["id", 3], ["LIMIT", 1]]
Redirected to http://localhost:3000/
Completed 302 Found in 5ms (ActiveRecord: 0.4ms | Allocations: 2145)


Started GET "/" for ::1 at 2019-09-11 10:15:35 +0300
Processing by AccueilController#index as HTML
  Rendering accueil/index.html.erb within layouts/application
  Rendered accueil/index.html.erb within layouts/application (Duration: 0.0ms | Allocations: 4)
Completed 200 OK in 6ms (Views: 5.6ms | ActiveRecord: 0.0ms | Allocations: 4642)


Started GET "/users/sign_in" for ::1 at 2019-09-11 10:15:36 +0300
Processing by Devise::SessionsController#new as HTML
  Rendering devise/sessions/new.html.erb within layouts/application
  Rendered devise/shared/_links.html.erb (Duration: 16.9ms | Allocations: 544)
  Rendered devise/sessions/new.html.erb within layouts/application (Duration: 19.4ms | Allocations: 1629)
Completed 200 OK in 31ms (Views: 29.9ms | ActiveRecord: 0.0ms | Allocations: 7136)


Started POST "/users/sign_in" for ::1 at 2019-09-11 11:07:44 +0300
Processing by Devise::SessionsController#create as HTML
  Parameters: {"authenticity_token"=>"NbyuEQvKksfRrYMydndX7XD7/BKbO95m/Sluq6TtIllO9ixtJ06iLTepQIVxNMl5pa4P99eZVQqggplqgeBhpw==", "user"=>{"email"=>"mihary@gmail.com", "password"=>"[FILTERED]", "remember_me"=>"0"}, "commit"=>"Sign In"}
  [1m[36mUser Load (62.9ms)[0m  [1m[34mSELECT "users".* FROM "users" WHERE "users"."email" = $1 ORDER BY "users"."id" ASC LIMIT $2[0m  [["email", "mihary@gmail.com"], ["LIMIT", 1]]
Redirected to http://localhost:3000/
Completed 302 Found in 11037ms (ActiveRecord: 63.5ms | Allocations: 3974)


Started GET "/" for ::1 at 2019-09-11 11:08:58 +0300
Processing by AccueilController#index as HTML
  Rendering accueil/index.html.erb within layouts/application
  Rendered accueil/index.html.erb within layouts/application (Duration: 137.9ms | Allocations: 4)
  [1m[36mUser Load (0.4ms)[0m  [1m[34mSELECT "users".* FROM "users" WHERE "users"."id" = $1 ORDER BY "users"."id" ASC LIMIT $2[0m  [["id", 3], ["LIMIT", 1]]
  ↳ app/views/layouts/application.html.erb:15
Completed 200 OK in 3905ms (Views: 3771.4ms | ActiveRecord: 0.4ms | Allocations: 5484)


Started DELETE "/users/sign_out" for ::1 at 2019-09-11 12:49:25 +0300
Processing by Devise::SessionsController#destroy as HTML
  Parameters: {"authenticity_token"=>"B14S/mtBnlsLIkR2r4jLZyDEUvLXAVQ9xFzoqTuf8Je7OW1VcclWGtInMmW5BKlO5UupWSdAVdgM+82krI0Hbw=="}
  [1m[36mUser Load (14.7ms)[0m  [1m[34mSELECT "users".* FROM "users" WHERE "users"."id" = $1 ORDER BY "users"."id" ASC LIMIT $2[0m  [["id", 3], ["LIMIT", 1]]
Redirected to http://localhost:3000/
Completed 302 Found in 938ms (ActiveRecord: 15.2ms | Allocations: 2246)


Started GET "/" for ::1 at 2019-09-11 12:49:26 +0300
Processing by AccueilController#index as HTML
  Rendering accueil/index.html.erb within layouts/application
  Rendered accueil/index.html.erb within layouts/application (Duration: 555.2ms | Allocations: 404)
Completed 200 OK in 1480ms (Views: 1296.1ms | ActiveRecord: 0.0ms | Allocations: 6463)


Started GET "/css/menu.css" for ::1 at 2019-09-11 12:49:28 +0300
  
ActionController::RoutingError (No route matches [GET] "/css/menu.css"):
  
actionpack (6.0.0) lib/action_dispatch/middleware/debug_exceptions.rb:36:in `call'
web-console (4.0.1) lib/web_console/middleware.rb:132:in `call_app'
web-console (4.0.1) lib/web_console/middleware.rb:28:in `block in call'
web-console (4.0.1) lib/web_console/middleware.rb:17:in `catch'
web-console (4.0.1) lib/web_console/middleware.rb:17:in `call'
actionpack (6.0.0) lib/action_dispatch/middleware/show_exceptions.rb:33:in `call'
railties (6.0.0) lib/rails/rack/logger.rb:38:in `call_app'
railties (6.0.0) lib/rails/rack/logger.rb:26:in `block in call'
activesupport (6.0.0) lib/active_support/tagged_logging.rb:80:in `block in tagged'
activesupport (6.0.0) lib/active_support/tagged_logging.rb:28:in `tagged'
activesupport (6.0.0) lib/active_support/tagged_logging.rb:80:in `tagged'
railties (6.0.0) lib/rails/rack/logger.rb:26:in `call'
sprockets-rails (3.2.1) lib/sprockets/rails/quiet_assets.rb:13:in `call'
actionpack (6.0.0) lib/action_dispatch/middleware/remote_ip.rb:81:in `call'
actionpack (6.0.0) lib/action_dispatch/middleware/request_id.rb:27:in `call'
rack (2.0.7) lib/rack/method_override.rb:22:in `call'
rack (2.0.7) lib/rack/runtime.rb:22:in `call'
activesupport (6.0.0) lib/active_support/cache/strategy/local_cache_middleware.rb:29:in `call'
actionpack (6.0.0) lib/action_dispatch/middleware/executor.rb:14:in `call'
actionpack (6.0.0) lib/action_dispatch/middleware/static.rb:126:in `call'
rack (2.0.7) lib/rack/sendfile.rb:111:in `call'
actionpack (6.0.0) lib/action_dispatch/middleware/host_authorization.rb:83:in `call'
webpacker (4.0.7) lib/webpacker/dev_server_proxy.rb:29:in `perform_request'
rack-proxy (0.6.5) lib/rack/proxy.rb:57:in `call'
railties (6.0.0) lib/rails/engine.rb:526:in `call'
puma (3.12.1) lib/puma/configuration.rb:227:in `call'
puma (3.12.1) lib/puma/server.rb:660:in `handle_request'
puma (3.12.1) lib/puma/server.rb:474:in `process_client'
puma (3.12.1) lib/puma/server.rb:334:in `block in run'
puma (3.12.1) lib/puma/thread_pool.rb:135:in `block in spawn_thread'
Started GET "/users/sign_in" for ::1 at 2019-09-11 12:50:38 +0300
Processing by Devise::SessionsController#new as HTML
  Rendering devise/sessions/new.html.erb within layouts/application
  Rendered devise/shared/_links.html.erb (Duration: 60.4ms | Allocations: 544)
  Rendered devise/sessions/new.html.erb within layouts/application (Duration: 267.7ms | Allocations: 1629)
Completed 200 OK in 398ms (Views: 325.8ms | ActiveRecord: 0.0ms | Allocations: 7450)


Started GET "/users/css/menu.css" for ::1 at 2019-09-11 12:50:38 +0300
  
ActionController::RoutingError (No route matches [GET] "/users/css/menu.css"):
  
actionpack (6.0.0) lib/action_dispatch/middleware/debug_exceptions.rb:36:in `call'
web-console (4.0.1) lib/web_console/middleware.rb:132:in `call_app'
web-console (4.0.1) lib/web_console/middleware.rb:28:in `block in call'
web-console (4.0.1) lib/web_console/middleware.rb:17:in `catch'
web-console (4.0.1) lib/web_console/middleware.rb:17:in `call'
actionpack (6.0.0) lib/action_dispatch/middleware/show_exceptions.rb:33:in `call'
railties (6.0.0) lib/rails/rack/logger.rb:38:in `call_app'
railties (6.0.0) lib/rails/rack/logger.rb:26:in `block in call'
activesupport (6.0.0) lib/active_support/tagged_logging.rb:80:in `block in tagged'
activesupport (6.0.0) lib/active_support/tagged_logging.rb:28:in `tagged'
activesupport (6.0.0) lib/active_support/tagged_logging.rb:80:in `tagged'
railties (6.0.0) lib/rails/rack/logger.rb:26:in `call'
sprockets-rails (3.2.1) lib/sprockets/rails/quiet_assets.rb:13:in `call'
actionpack (6.0.0) lib/action_dispatch/middleware/remote_ip.rb:81:in `call'
actionpack (6.0.0) lib/action_dispatch/middleware/request_id.rb:27:in `call'
rack (2.0.7) lib/rack/method_override.rb:22:in `call'
rack (2.0.7) lib/rack/runtime.rb:22:in `call'
activesupport (6.0.0) lib/active_support/cache/strategy/local_cache_middleware.rb:29:in `call'
actionpack (6.0.0) lib/action_dispatch/middleware/executor.rb:14:in `call'
actionpack (6.0.0) lib/action_dispatch/middleware/static.rb:126:in `call'
rack (2.0.7) lib/rack/sendfile.rb:111:in `call'
actionpack (6.0.0) lib/action_dispatch/middleware/host_authorization.rb:83:in `call'
webpacker (4.0.7) lib/webpacker/dev_server_proxy.rb:29:in `perform_request'
rack-proxy (0.6.5) lib/rack/proxy.rb:57:in `call'
railties (6.0.0) lib/rails/engine.rb:526:in `call'
puma (3.12.1) lib/puma/configuration.rb:227:in `call'
puma (3.12.1) lib/puma/server.rb:660:in `handle_request'
puma (3.12.1) lib/puma/server.rb:474:in `process_client'
puma (3.12.1) lib/puma/server.rb:334:in `block in run'
puma (3.12.1) lib/puma/thread_pool.rb:135:in `block in spawn_thread'
Started POST "/users/sign_in" for ::1 at 2019-09-11 12:51:03 +0300
Processing by Devise::SessionsController#create as HTML
  Parameters: {"authenticity_token"=>"hxo6Ei7FXP4ns3eT/LxIwfxh7sAI1PFPqgvwD6UJl8LaWKipdBRQgUV0UuYjERtRyfFs+akfOm5F1RATvma8fg==", "user"=>{"email"=>"mihary@gmail.com", "password"=>"[FILTERED]", "remember_me"=>"0"}, "commit"=>"Sign In"}
  [1m[36mUser Load (0.6ms)[0m  [1m[34mSELECT "users".* FROM "users" WHERE "users"."email" = $1 ORDER BY "users"."id" ASC LIMIT $2[0m  [["email", "mihary@gmail.com"], ["LIMIT", 1]]
Redirected to http://localhost:3000/
Completed 302 Found in 199ms (ActiveRecord: 0.6ms | Allocations: 3889)


Started GET "/" for ::1 at 2019-09-11 12:51:04 +0300
Processing by AccueilController#index as HTML
  Rendering accueil/index.html.erb within layouts/application
  [1m[36mUser Load (0.4ms)[0m  [1m[34mSELECT "users".* FROM "users" WHERE "users"."id" = $1 ORDER BY "users"."id" ASC LIMIT $2[0m  [["id", 3], ["LIMIT", 1]]
  ↳ app/views/accueil/index.html.erb:2
  Rendered accueil/index.html.erb within layouts/application (Duration: 3.2ms | Allocations: 984)
Completed 200 OK in 14ms (Views: 12.5ms | ActiveRecord: 0.4ms | Allocations: 5501)


Started GET "/css/menu.css" for ::1 at 2019-09-11 12:51:04 +0300
  
ActionController::RoutingError (No route matches [GET] "/css/menu.css"):
  
actionpack (6.0.0) lib/action_dispatch/middleware/debug_exceptions.rb:36:in `call'
web-console (4.0.1) lib/web_console/middleware.rb:132:in `call_app'
web-console (4.0.1) lib/web_console/middleware.rb:28:in `block in call'
web-console (4.0.1) lib/web_console/middleware.rb:17:in `catch'
web-console (4.0.1) lib/web_console/middleware.rb:17:in `call'
actionpack (6.0.0) lib/action_dispatch/middleware/show_exceptions.rb:33:in `call'
railties (6.0.0) lib/rails/rack/logger.rb:38:in `call_app'
railties (6.0.0) lib/rails/rack/logger.rb:26:in `block in call'
activesupport (6.0.0) lib/active_support/tagged_logging.rb:80:in `block in tagged'
activesupport (6.0.0) lib/active_support/tagged_logging.rb:28:in `tagged'
activesupport (6.0.0) lib/active_support/tagged_logging.rb:80:in `tagged'
railties (6.0.0) lib/rails/rack/logger.rb:26:in `call'
sprockets-rails (3.2.1) lib/sprockets/rails/quiet_assets.rb:13:in `call'
actionpack (6.0.0) lib/action_dispatch/middleware/remote_ip.rb:81:in `call'
actionpack (6.0.0) lib/action_dispatch/middleware/request_id.rb:27:in `call'
rack (2.0.7) lib/rack/method_override.rb:22:in `call'
rack (2.0.7) lib/rack/runtime.rb:22:in `call'
activesupport (6.0.0) lib/active_support/cache/strategy/local_cache_middleware.rb:29:in `call'
actionpack (6.0.0) lib/action_dispatch/middleware/executor.rb:14:in `call'
actionpack (6.0.0) lib/action_dispatch/middleware/static.rb:126:in `call'
rack (2.0.7) lib/rack/sendfile.rb:111:in `call'
actionpack (6.0.0) lib/action_dispatch/middleware/host_authorization.rb:83:in `call'
webpacker (4.0.7) lib/webpacker/dev_server_proxy.rb:29:in `perform_request'
rack-proxy (0.6.5) lib/rack/proxy.rb:57:in `call'
railties (6.0.0) lib/rails/engine.rb:526:in `call'
puma (3.12.1) lib/puma/configuration.rb:227:in `call'
puma (3.12.1) lib/puma/server.rb:660:in `handle_request'
puma (3.12.1) lib/puma/server.rb:474:in `process_client'
puma (3.12.1) lib/puma/server.rb:334:in `block in run'
puma (3.12.1) lib/puma/thread_pool.rb:135:in `block in spawn_thread'
Started DELETE "/users/sign_out" for ::1 at 2019-09-11 13:06:32 +0300
Processing by Devise::SessionsController#destroy as HTML
  Parameters: {"authenticity_token"=>"4SwfTvzf6fOP2PM5HRXOo8MMyr/PgOpN00pbFuQqvIndbu8cmLdJwkxqSzGv7rmee7ZNxCD7bPBXsXoW8bFKDA=="}
  [1m[36mUser Load (0.7ms)[0m  [1m[34mSELECT "users".* FROM "users" WHERE "users"."id" = $1 ORDER BY "users"."id" ASC LIMIT $2[0m  [["id", 3], ["LIMIT", 1]]
Redirected to http://localhost:3000/
Completed 302 Found in 32ms (ActiveRecord: 1.0ms | Allocations: 2267)


Started GET "/" for ::1 at 2019-09-11 13:06:32 +0300
Processing by AccueilController#index as HTML
  Rendering accueil/index.html.erb within layouts/application
  Rendered accueil/index.html.erb within layouts/application (Duration: 26.4ms | Allocations: 402)
Completed 200 OK in 389ms (Views: 387.4ms | ActiveRecord: 0.0ms | Allocations: 6489)


Started GET "/css/menu.css" for ::1 at 2019-09-11 13:06:33 +0300
  
ActionController::RoutingError (No route matches [GET] "/css/menu.css"):
  
actionpack (6.0.0) lib/action_dispatch/middleware/debug_exceptions.rb:36:in `call'
web-console (4.0.1) lib/web_console/middleware.rb:132:in `call_app'
web-console (4.0.1) lib/web_console/middleware.rb:28:in `block in call'
web-console (4.0.1) lib/web_console/middleware.rb:17:in `catch'
web-console (4.0.1) lib/web_console/middleware.rb:17:in `call'
actionpack (6.0.0) lib/action_dispatch/middleware/show_exceptions.rb:33:in `call'
railties (6.0.0) lib/rails/rack/logger.rb:38:in `call_app'
railties (6.0.0) lib/rails/rack/logger.rb:26:in `block in call'
activesupport (6.0.0) lib/active_support/tagged_logging.rb:80:in `block in tagged'
activesupport (6.0.0) lib/active_support/tagged_logging.rb:28:in `tagged'
activesupport (6.0.0) lib/active_support/tagged_logging.rb:80:in `tagged'
railties (6.0.0) lib/rails/rack/logger.rb:26:in `call'
sprockets-rails (3.2.1) lib/sprockets/rails/quiet_assets.rb:13:in `call'
actionpack (6.0.0) lib/action_dispatch/middleware/remote_ip.rb:81:in `call'
actionpack (6.0.0) lib/action_dispatch/middleware/request_id.rb:27:in `call'
rack (2.0.7) lib/rack/method_override.rb:22:in `call'
rack (2.0.7) lib/rack/runtime.rb:22:in `call'
activesupport (6.0.0) lib/active_support/cache/strategy/local_cache_middleware.rb:29:in `call'
actionpack (6.0.0) lib/action_dispatch/middleware/executor.rb:14:in `call'
actionpack (6.0.0) lib/action_dispatch/middleware/static.rb:126:in `call'
rack (2.0.7) lib/rack/sendfile.rb:111:in `call'
actionpack (6.0.0) lib/action_dispatch/middleware/host_authorization.rb:83:in `call'
webpacker (4.0.7) lib/webpacker/dev_server_proxy.rb:29:in `perform_request'
rack-proxy (0.6.5) lib/rack/proxy.rb:57:in `call'
railties (6.0.0) lib/rails/engine.rb:526:in `call'
puma (3.12.1) lib/puma/configuration.rb:227:in `call'
puma (3.12.1) lib/puma/server.rb:660:in `handle_request'
puma (3.12.1) lib/puma/server.rb:474:in `process_client'
puma (3.12.1) lib/puma/server.rb:334:in `block in run'
puma (3.12.1) lib/puma/thread_pool.rb:135:in `block in spawn_thread'
Started GET "/users/sign_in" for ::1 at 2019-09-11 13:06:45 +0300
Processing by Devise::SessionsController#new as HTML
  Rendering devise/sessions/new.html.erb within layouts/application
  Rendered devise/shared/_links.html.erb (Duration: 32.9ms | Allocations: 544)
  Rendered devise/sessions/new.html.erb within layouts/application (Duration: 34.9ms | Allocations: 1630)
Completed 200 OK in 43ms (Views: 42.0ms | ActiveRecord: 0.0ms | Allocations: 7447)


Started GET "/users/password/new" for ::1 at 2019-09-11 13:07:42 +0300
Processing by Devise::PasswordsController#new as HTML
  Rendering devise/passwords/new.html.erb within layouts/application
  Rendered devise/shared/_error_messages.html.erb (Duration: 25.8ms | Allocations: 206)
  Rendered devise/shared/_links.html.erb (Duration: 23.9ms | Allocations: 175)
  Rendered devise/passwords/new.html.erb within layouts/application (Duration: 171.8ms | Allocations: 1598)
Completed 200 OK in 264ms (Views: 243.2ms | ActiveRecord: 0.0ms | Allocations: 6987)


Started GET "/" for ::1 at 2019-09-11 14:15:41 +0300
Processing by AccueilController#index as HTML
  Rendering accueil/index.html.erb within layouts/application
  Rendered accueil/index.html.erb within layouts/application (Duration: 0.6ms | Allocations: 157)
Completed 200 OK in 1052ms (Views: 1050.9ms | ActiveRecord: 0.0ms | Allocations: 4669)


Started GET "/css/menu.css" for ::1 at 2019-09-11 14:15:44 +0300
  
ActionController::RoutingError (No route matches [GET] "/css/menu.css"):
  
actionpack (6.0.0) lib/action_dispatch/middleware/debug_exceptions.rb:36:in `call'
web-console (4.0.1) lib/web_console/middleware.rb:132:in `call_app'
web-console (4.0.1) lib/web_console/middleware.rb:28:in `block in call'
web-console (4.0.1) lib/web_console/middleware.rb:17:in `catch'
web-console (4.0.1) lib/web_console/middleware.rb:17:in `call'
actionpack (6.0.0) lib/action_dispatch/middleware/show_exceptions.rb:33:in `call'
railties (6.0.0) lib/rails/rack/logger.rb:38:in `call_app'
railties (6.0.0) lib/rails/rack/logger.rb:26:in `block in call'
activesupport (6.0.0) lib/active_support/tagged_logging.rb:80:in `block in tagged'
activesupport (6.0.0) lib/active_support/tagged_logging.rb:28:in `tagged'
activesupport (6.0.0) lib/active_support/tagged_logging.rb:80:in `tagged'
railties (6.0.0) lib/rails/rack/logger.rb:26:in `call'
sprockets-rails (3.2.1) lib/sprockets/rails/quiet_assets.rb:13:in `call'
actionpack (6.0.0) lib/action_dispatch/middleware/remote_ip.rb:81:in `call'
actionpack (6.0.0) lib/action_dispatch/middleware/request_id.rb:27:in `call'
rack (2.0.7) lib/rack/method_override.rb:22:in `call'
rack (2.0.7) lib/rack/runtime.rb:22:in `call'
activesupport (6.0.0) lib/active_support/cache/strategy/local_cache_middleware.rb:29:in `call'
actionpack (6.0.0) lib/action_dispatch/middleware/executor.rb:14:in `call'
actionpack (6.0.0) lib/action_dispatch/middleware/static.rb:126:in `call'
rack (2.0.7) lib/rack/sendfile.rb:111:in `call'
actionpack (6.0.0) lib/action_dispatch/middleware/host_authorization.rb:83:in `call'
webpacker (4.0.7) lib/webpacker/dev_server_proxy.rb:29:in `perform_request'
rack-proxy (0.6.5) lib/rack/proxy.rb:57:in `call'
railties (6.0.0) lib/rails/engine.rb:526:in `call'
puma (3.12.1) lib/puma/configuration.rb:227:in `call'
puma (3.12.1) lib/puma/server.rb:660:in `handle_request'
puma (3.12.1) lib/puma/server.rb:474:in `process_client'
puma (3.12.1) lib/puma/server.rb:334:in `block in run'
puma (3.12.1) lib/puma/thread_pool.rb:135:in `block in spawn_thread'
Started GET "/" for ::1 at 2019-09-11 14:29:50 +0300
Processing by AccueilController#index as HTML
  Rendering accueil/index.html.erb within layouts/application
  Rendered accueil/index.html.erb within layouts/application (Duration: 55.8ms | Allocations: 402)
Completed 500 Internal Server Error in 198ms (ActiveRecord: 0.0ms | Allocations: 3356)



SyntaxError - syntax error, unexpected ',', expecting '.' or &. or :: or '['
'.freeze;link_to,"Login",new_user_session_path , :clas...
                        ^
/home/dev/Bureau/MadaMarket/app/views/layouts/application.html.erb:356: syntax error, unexpected ':', expecting '.' or &. or :: or '['
...new_user_session_path , :class: "nav-text"
...                              ^
/home/dev/Bureau/MadaMarket/app/views/layouts/application.html.erb:361: syntax error, unexpected ',', expecting '.' or &. or :: or '['
'.freeze;link_to,"Sign up",new_user_registration_path , ...
                          ^
/home/dev/Bureau/MadaMarket/app/views/layouts/application.html.erb:361: syntax error, unexpected ':', expecting '.' or &. or :: or '['
...ser_registration_path , :class: "nav-text"
...                              ^:
  app/views/layouts/application.html.erb:356:in `'

Started POST "/__better_errors/b7fd6e6d36256021/variables" for ::1 at 2019-09-11 14:29:52 +0300
Started GET "/" for ::1 at 2019-09-11 14:30:09 +0300
Processing by AccueilController#index as HTML
  Rendering accueil/index.html.erb within layouts/application
  Rendered accueil/index.html.erb within layouts/application (Duration: 0.8ms | Allocations: 402)
Completed 500 Internal Server Error in 163ms (ActiveRecord: 0.0ms | Allocations: 3359)



SyntaxError - syntax error, unexpected ',', expecting '.' or &. or :: or '['
'.freeze;link_to,"Login",new_user_session_path , class...
                        ^
/home/dev/Bureau/MadaMarket/app/views/layouts/application.html.erb:361: syntax error, unexpected ',', expecting '.' or &. or :: or '['
'.freeze;link_to,"Sign up",new_user_registration_path , ...
                          ^:
  app/views/layouts/application.html.erb:356:in `'

Started POST "/__better_errors/083a55c0bca90f6d/variables" for ::1 at 2019-09-11 14:30:09 +0300
Started GET "/" for ::1 at 2019-09-11 14:30:24 +0300
Processing by AccueilController#index as HTML
  Rendering accueil/index.html.erb within layouts/application
  Rendered accueil/index.html.erb within layouts/application (Duration: 1.2ms | Allocations: 407)
Completed 200 OK in 312ms (Views: 310.5ms | ActiveRecord: 0.0ms | Allocations: 6596)


Started GET "/css/menu.css" for ::1 at 2019-09-11 14:30:25 +0300
  
ActionController::RoutingError (No route matches [GET] "/css/menu.css"):
  
actionpack (6.0.0) lib/action_dispatch/middleware/debug_exceptions.rb:36:in `call'
web-console (4.0.1) lib/web_console/middleware.rb:132:in `call_app'
web-console (4.0.1) lib/web_console/middleware.rb:28:in `block in call'
web-console (4.0.1) lib/web_console/middleware.rb:17:in `catch'
web-console (4.0.1) lib/web_console/middleware.rb:17:in `call'
actionpack (6.0.0) lib/action_dispatch/middleware/show_exceptions.rb:33:in `call'
railties (6.0.0) lib/rails/rack/logger.rb:38:in `call_app'
railties (6.0.0) lib/rails/rack/logger.rb:26:in `block in call'
activesupport (6.0.0) lib/active_support/tagged_logging.rb:80:in `block in tagged'
activesupport (6.0.0) lib/active_support/tagged_logging.rb:28:in `tagged'
activesupport (6.0.0) lib/active_support/tagged_logging.rb:80:in `tagged'
railties (6.0.0) lib/rails/rack/logger.rb:26:in `call'
sprockets-rails (3.2.1) lib/sprockets/rails/quiet_assets.rb:13:in `call'
actionpack (6.0.0) lib/action_dispatch/middleware/remote_ip.rb:81:in `call'
actionpack (6.0.0) lib/action_dispatch/middleware/request_id.rb:27:in `call'
rack (2.0.7) lib/rack/method_override.rb:22:in `call'
rack (2.0.7) lib/rack/runtime.rb:22:in `call'
activesupport (6.0.0) lib/active_support/cache/strategy/local_cache_middleware.rb:29:in `call'
actionpack (6.0.0) lib/action_dispatch/middleware/executor.rb:14:in `call'
actionpack (6.0.0) lib/action_dispatch/middleware/static.rb:126:in `call'
rack (2.0.7) lib/rack/sendfile.rb:111:in `call'
actionpack (6.0.0) lib/action_dispatch/middleware/host_authorization.rb:83:in `call'
webpacker (4.0.7) lib/webpacker/dev_server_proxy.rb:29:in `perform_request'
rack-proxy (0.6.5) lib/rack/proxy.rb:57:in `call'
railties (6.0.0) lib/rails/engine.rb:526:in `call'
puma (3.12.1) lib/puma/configuration.rb:227:in `call'
puma (3.12.1) lib/puma/server.rb:660:in `handle_request'
puma (3.12.1) lib/puma/server.rb:474:in `process_client'
puma (3.12.1) lib/puma/server.rb:334:in `block in run'
puma (3.12.1) lib/puma/thread_pool.rb:135:in `block in spawn_thread'
Started GET "/" for ::1 at 2019-09-11 14:31:12 +0300
Processing by AccueilController#index as HTML
  Rendering accueil/index.html.erb within layouts/application
  Rendered accueil/index.html.erb within layouts/application (Duration: 277.9ms | Allocations: 402)
Completed 200 OK in 1270ms (Views: 1246.6ms | ActiveRecord: 0.0ms | Allocations: 6591)


Started GET "/css/menu.css" for ::1 at 2019-09-11 14:31:13 +0300
  
ActionController::RoutingError (No route matches [GET] "/css/menu.css"):
  
actionpack (6.0.0) lib/action_dispatch/middleware/debug_exceptions.rb:36:in `call'
web-console (4.0.1) lib/web_console/middleware.rb:132:in `call_app'
web-console (4.0.1) lib/web_console/middleware.rb:28:in `block in call'
web-console (4.0.1) lib/web_console/middleware.rb:17:in `catch'
web-console (4.0.1) lib/web_console/middleware.rb:17:in `call'
actionpack (6.0.0) lib/action_dispatch/middleware/show_exceptions.rb:33:in `call'
railties (6.0.0) lib/rails/rack/logger.rb:38:in `call_app'
railties (6.0.0) lib/rails/rack/logger.rb:26:in `block in call'
activesupport (6.0.0) lib/active_support/tagged_logging.rb:80:in `block in tagged'
activesupport (6.0.0) lib/active_support/tagged_logging.rb:28:in `tagged'
activesupport (6.0.0) lib/active_support/tagged_logging.rb:80:in `tagged'
railties (6.0.0) lib/rails/rack/logger.rb:26:in `call'
sprockets-rails (3.2.1) lib/sprockets/rails/quiet_assets.rb:13:in `call'
actionpack (6.0.0) lib/action_dispatch/middleware/remote_ip.rb:81:in `call'
actionpack (6.0.0) lib/action_dispatch/middleware/request_id.rb:27:in `call'
rack (2.0.7) lib/rack/method_override.rb:22:in `call'
rack (2.0.7) lib/rack/runtime.rb:22:in `call'
activesupport (6.0.0) lib/active_support/cache/strategy/local_cache_middleware.rb:29:in `call'
actionpack (6.0.0) lib/action_dispatch/middleware/executor.rb:14:in `call'
actionpack (6.0.0) lib/action_dispatch/middleware/static.rb:126:in `call'
rack (2.0.7) lib/rack/sendfile.rb:111:in `call'
actionpack (6.0.0) lib/action_dispatch/middleware/host_authorization.rb:83:in `call'
webpacker (4.0.7) lib/webpacker/dev_server_proxy.rb:29:in `perform_request'
rack-proxy (0.6.5) lib/rack/proxy.rb:57:in `call'
railties (6.0.0) lib/rails/engine.rb:526:in `call'
puma (3.12.1) lib/puma/configuration.rb:227:in `call'
puma (3.12.1) lib/puma/server.rb:660:in `handle_request'
puma (3.12.1) lib/puma/server.rb:474:in `process_client'
puma (3.12.1) lib/puma/server.rb:334:in `block in run'
puma (3.12.1) lib/puma/thread_pool.rb:135:in `block in spawn_thread'
Started GET "/" for ::1 at 2019-09-11 14:33:06 +0300
Processing by AccueilController#index as HTML
  Rendering accueil/index.html.erb within layouts/application
  Rendered accueil/index.html.erb within layouts/application (Duration: 0.8ms | Allocations: 402)
Completed 200 OK in 21ms (Views: 19.7ms | ActiveRecord: 0.0ms | Allocations: 6223)


Started GET "/" for ::1 at 2019-09-11 14:33:23 +0300
Processing by AccueilController#index as HTML
  Rendering accueil/index.html.erb within layouts/application
  Rendered accueil/index.html.erb within layouts/application (Duration: 0.3ms | Allocations: 78)
Completed 200 OK in 9ms (Views: 8.1ms | ActiveRecord: 0.0ms | Allocations: 5963)


Started GET "/" for ::1 at 2019-09-11 14:34:55 +0300
Processing by AccueilController#index as HTML
  Rendering accueil/index.html.erb within layouts/application
  Rendered accueil/index.html.erb within layouts/application (Duration: 0.3ms | Allocations: 78)
Completed 200 OK in 8ms (Views: 7.0ms | ActiveRecord: 0.0ms | Allocations: 5934)


Started GET "/" for ::1 at 2019-09-11 14:49:35 +0300
Processing by AccueilController#index as HTML
  Rendering accueil/index.html.erb within layouts/application
  Rendered accueil/index.html.erb within layouts/application (Duration: 0.3ms | Allocations: 78)
Completed 200 OK in 9ms (Views: 7.5ms | ActiveRecord: 0.0ms | Allocations: 5976)


Started GET "/" for ::1 at 2019-09-11 14:52:15 +0300
Processing by AccueilController#index as HTML
  Rendering accueil/index.html.erb within layouts/application
  Rendered accueil/index.html.erb within layouts/application (Duration: 0.3ms | Allocations: 78)
Completed 200 OK in 47ms (Views: 45.9ms | ActiveRecord: 0.0ms | Allocations: 6045)


Started GET "/" for ::1 at 2019-09-11 14:52:15 +0300
Processing by AccueilController#index as HTML
  Rendering accueil/index.html.erb within layouts/application
  Rendered accueil/index.html.erb within layouts/application (Duration: 0.0ms | Allocations: 4)
Completed 200 OK in 20ms (Views: 18.9ms | ActiveRecord: 0.0ms | Allocations: 4667)


Started GET "/" for ::1 at 2019-09-11 14:52:16 +0300
Processing by AccueilController#index as HTML
  Rendering accueil/index.html.erb within layouts/application
  Rendered accueil/index.html.erb within layouts/application (Duration: 0.0ms | Allocations: 4)
Completed 200 OK in 10ms (Views: 9.0ms | ActiveRecord: 0.0ms | Allocations: 4664)


Started GET "/" for ::1 at 2019-09-11 14:52:16 +0300
Processing by AccueilController#index as HTML
  Rendering accueil/index.html.erb within layouts/application
  Rendered accueil/index.html.erb within layouts/application (Duration: 0.1ms | Allocations: 4)
Completed 200 OK in 20ms (Views: 18.6ms | ActiveRecord: 0.0ms | Allocations: 4667)


Started GET "/" for ::1 at 2019-09-11 14:52:16 +0300
Processing by AccueilController#index as HTML
  Rendering accueil/index.html.erb within layouts/application
  Rendered accueil/index.html.erb within layouts/application (Duration: 0.0ms | Allocations: 4)
Completed 200 OK in 9ms (Views: 8.2ms | ActiveRecord: 0.0ms | Allocations: 4665)


Started GET "/" for ::1 at 2019-09-11 14:52:17 +0300
Processing by AccueilController#index as HTML
  Rendering accueil/index.html.erb within layouts/application
  Rendered accueil/index.html.erb within layouts/application (Duration: 0.0ms | Allocations: 4)
Completed 200 OK in 8ms (Views: 6.7ms | ActiveRecord: 0.0ms | Allocations: 4660)


Started GET "/" for ::1 at 2019-09-11 14:52:17 +0300
Processing by AccueilController#index as HTML
  Rendering accueil/index.html.erb within layouts/application
  Rendered accueil/index.html.erb within layouts/application (Duration: 0.0ms | Allocations: 4)
Completed 200 OK in 8ms (Views: 6.8ms | ActiveRecord: 0.0ms | Allocations: 4662)



  [1m[35m (1.1ms)[0m  [1m[34mSELECT "schema_migrations"."version" FROM "schema_migrations" ORDER BY "schema_migrations"."version" ASC[0m
  [1m[35m (0.6ms)[0m  [1m[34mSELECT "ar_internal_metadata"."value" FROM "ar_internal_metadata" WHERE "ar_internal_metadata"."key" = $1[0m  [["key", "environment"]]
  [1m[35m (0.3ms)[0m  [1m[34mSELECT "schema_migrations"."version" FROM "schema_migrations" ORDER BY "schema_migrations"."version" ASC[0m
  [1m[35m (0.3ms)[0m  [1m[34mSELECT "ar_internal_metadata"."value" FROM "ar_internal_metadata" WHERE "ar_internal_metadata"."key" = $1[0m  [["key", "environment"]]
  [1m[35m (0.4ms)[0m  [1m[34mSELECT "schema_migrations"."version" FROM "schema_migrations" ORDER BY "schema_migrations"."version" ASC[0m
  [1m[35m (0.4ms)[0m  [1m[34mSELECT "ar_internal_metadata"."value" FROM "ar_internal_metadata" WHERE "ar_internal_metadata"."key" = $1[0m  [["key", "environment"]]
  [1m[35m (549.3ms)[0m  [1m[35mDROP DATABASE IF EXISTS "MadaMarket_development"[0m
  [1m[35m (441.2ms)[0m  [1m[35mDROP DATABASE IF EXISTS "MadaMarket_test"[0m
  [1m[35m (2272.0ms)[0m  [1m[35mCREATE DATABASE "MadaMarket_development" ENCODING = 'unicode'[0m
  [1m[35m (1227.2ms)[0m  [1m[35mCREATE DATABASE "MadaMarket_test" ENCODING = 'unicode'[0m
  [1m[35m (157.0ms)[0m  [1m[35mCREATE TABLE "schema_migrations" ("version" character varying NOT NULL PRIMARY KEY)[0m
  [1m[35m (197.6ms)[0m  [1m[35mCREATE TABLE "ar_internal_metadata" ("key" character varying NOT NULL PRIMARY KEY, "value" character varying, "created_at" timestamp(6) NOT NULL, "updated_at" timestamp(6) NOT NULL)[0m
  [1m[35m (0.2ms)[0m  [1m[34mSELECT pg_try_advisory_lock(3281140153614043980)[0m
  [1m[35m (0.5ms)[0m  [1m[34mSELECT "schema_migrations"."version" FROM "schema_migrations" ORDER BY "schema_migrations"."version" ASC[0m
Migrating to DeviseCreateUsers (20190910114606)
  [1m[35m (0.2ms)[0m  [1m[35mBEGIN[0m
  [1m[35m (211.7ms)[0m  [1m[35mCREATE TABLE "users" ("id" bigserial primary key, "first_name" character varying DEFAULT '' NOT NULL, "last_name" character varying DEFAULT '' NOT NULL, "email" character varying DEFAULT '' NOT NULL, "encrypted_password" character varying DEFAULT '' NOT NULL, "reset_password_token" character varying, "reset_password_sent_at" timestamp, "remember_created_at" timestamp, "created_at" timestamp(6) NOT NULL, "updated_at" timestamp(6) NOT NULL, "is_admin" boolean DEFAULT FALSE, "city_id" bigint)[0m
  [1m[35m (62.0ms)[0m  [1m[35mCREATE  INDEX  "index_users_on_city_id" ON "users"  ("city_id")[0m
  [1m[35m (63.0ms)[0m  [1m[35mCREATE UNIQUE INDEX  "index_users_on_email" ON "users"  ("email")[0m
  [1m[35m (85.6ms)[0m  [1m[35mCREATE UNIQUE INDEX  "index_users_on_reset_password_token" ON "users"  ("reset_password_token")[0m
  [1m[36mprimary::SchemaMigration Create (0.5ms)[0m  [1m[32mINSERT INTO "schema_migrations" ("version") VALUES ($1) RETURNING "version"[0m  [["version", "20190910114606"]]
  [1m[35m (23.1ms)[0m  [1m[35mCOMMIT[0m
Migrating to CreateProducts (20190911051137)
  [1m[35m (0.3ms)[0m  [1m[35mBEGIN[0m
  [1m[35m (169.1ms)[0m  [1m[35mCREATE TABLE "products" ("id" bigserial primary key, "title" character varying, "description" text, "price" float, "image_url" character varying, "provider_id" bigint, "category_id" bigint, "created_at" timestamp(6) NOT NULL, "updated_at" timestamp(6) NOT NULL)[0m
  [1m[35m (63.5ms)[0m  [1m[35mCREATE  INDEX  "index_products_on_provider_id" ON "products"  ("provider_id")[0m
  [1m[35m (64.1ms)[0m  [1m[35mCREATE  INDEX  "index_products_on_category_id" ON "products"  ("category_id")[0m
  [1m[36mprimary::SchemaMigration Create (0.4ms)[0m  [1m[32mINSERT INTO "schema_migrations" ("version") VALUES ($1) RETURNING "version"[0m  [["version", "20190911051137"]]
  [1m[35m (25.2ms)[0m  [1m[35mCOMMIT[0m
Migrating to CreateCategories (20190911051311)
  [1m[35m (0.2ms)[0m  [1m[35mBEGIN[0m
  [1m[35m (169.9ms)[0m  [1m[35mCREATE TABLE "categories" ("id" bigserial primary key, "title" character varying, "created_at" timestamp(6) NOT NULL, "updated_at" timestamp(6) NOT NULL)[0m
  [1m[36mprimary::SchemaMigration Create (0.4ms)[0m  [1m[32mINSERT INTO "schema_migrations" ("version") VALUES ($1) RETURNING "version"[0m  [["version", "20190911051311"]]
  [1m[35m (25.3ms)[0m  [1m[35mCOMMIT[0m
Migrating to CreateCarts (20190911051333)
  [1m[35m (0.2ms)[0m  [1m[35mBEGIN[0m
  [1m[35m (74.2ms)[0m  [1m[35mCREATE TABLE "carts" ("id" bigserial primary key, "customer_id" bigint, "created_at" timestamp(6) NOT NULL, "updated_at" timestamp(6) NOT NULL)[0m
  [1m[35m (74.5ms)[0m  [1m[35mCREATE  INDEX  "index_carts_on_customer_id" ON "carts"  ("customer_id")[0m
  [1m[36mprimary::SchemaMigration Create (0.3ms)[0m  [1m[32mINSERT INTO "schema_migrations" ("version") VALUES ($1) RETURNING "version"[0m  [["version", "20190911051333"]]
  [1m[35m (24.6ms)[0m  [1m[35mCOMMIT[0m
Migrating to CreateLikes (20190911051349)
  [1m[35m (0.2ms)[0m  [1m[35mBEGIN[0m
  [1m[35m (77.9ms)[0m  [1m[35mCREATE TABLE "likes" ("id" bigserial primary key, "customer_id" bigint, "product_id" bigint, "created_at" timestamp(6) NOT NULL, "updated_at" timestamp(6) NOT NULL)[0m
  [1m[35m (85.0ms)[0m  [1m[35mCREATE  INDEX  "index_likes_on_customer_id" ON "likes"  ("customer_id")[0m
  [1m[35m (86.6ms)[0m  [1m[35mCREATE  INDEX  "index_likes_on_product_id" ON "likes"  ("product_id")[0m
  [1m[36mprimary::SchemaMigration Create (0.4ms)[0m  [1m[32mINSERT INTO "schema_migrations" ("version") VALUES ($1) RETURNING "version"[0m  [["version", "20190911051349"]]
  [1m[35m (22.9ms)[0m  [1m[35mCOMMIT[0m
Migrating to CreateCommands (20190911051441)
  [1m[35m (0.4ms)[0m  [1m[35mBEGIN[0m
  [1m[35m (95.8ms)[0m  [1m[35mCREATE TABLE "commands" ("id" bigserial primary key, "customer_id" bigint, "created_at" timestamp(6) NOT NULL, "updated_at" timestamp(6) NOT NULL)[0m
  [1m[35m (75.7ms)[0m  [1m[35mCREATE  INDEX  "index_commands_on_customer_id" ON "commands"  ("customer_id")[0m
  [1m[36mprimary::SchemaMigration Create (0.4ms)[0m  [1m[32mINSERT INTO "schema_migrations" ("version") VALUES ($1) RETURNING "version"[0m  [["version", "20190911051441"]]
  [1m[35m (21.6ms)[0m  [1m[35mCOMMIT[0m
Migrating to CreateCartProducts (20190911051729)
  [1m[35m (0.4ms)[0m  [1m[35mBEGIN[0m
  [1m[35m (76.5ms)[0m  [1m[35mCREATE TABLE "cart_products" ("id" bigserial primary key, "cart_id" bigint, "product_id" bigint, "created_at" timestamp(6) NOT NULL, "updated_at" timestamp(6) NOT NULL)[0m
  [1m[35m (63.8ms)[0m  [1m[35mCREATE  INDEX  "index_cart_products_on_cart_id" ON "cart_products"  ("cart_id")[0m
  [1m[35m (74.9ms)[0m  [1m[35mCREATE  INDEX  "index_cart_products_on_product_id" ON "cart_products"  ("product_id")[0m
  [1m[36mprimary::SchemaMigration Create (0.4ms)[0m  [1m[32mINSERT INTO "schema_migrations" ("version") VALUES ($1) RETURNING "version"[0m  [["version", "20190911051729"]]
  [1m[35m (21.9ms)[0m  [1m[35mCOMMIT[0m
Migrating to CreateCommandProducts (20190911051742)
  [1m[35m (0.3ms)[0m  [1m[35mBEGIN[0m
  [1m[35m (70.1ms)[0m  [1m[35mCREATE TABLE "command_products" ("id" bigserial primary key, "command_id" bigint, "product_id" bigint, "created_at" timestamp(6) NOT NULL, "updated_at" timestamp(6) NOT NULL)[0m
  [1m[35m (64.6ms)[0m  [1m[35mCREATE  INDEX  "index_command_products_on_command_id" ON "command_products"  ("command_id")[0m
  [1m[35m (73.8ms)[0m  [1m[35mCREATE  INDEX  "index_command_products_on_product_id" ON "command_products"  ("product_id")[0m
  [1m[36mprimary::SchemaMigration Create (0.6ms)[0m  [1m[32mINSERT INTO "schema_migrations" ("version") VALUES ($1) RETURNING "version"[0m  [["version", "20190911051742"]]
  [1m[35m (21.1ms)[0m  [1m[35mCOMMIT[0m
Migrating to CreateCities (20190911063151)
  [1m[35m (0.3ms)[0m  [1m[35mBEGIN[0m
  [1m[35m (159.3ms)[0m  [1m[35mCREATE TABLE "cities" ("id" bigserial primary key, "name" character varying, "zip_code" character varying, "created_at" timestamp(6) NOT NULL, "updated_at" timestamp(6) NOT NULL)[0m
  [1m[36mprimary::SchemaMigration Create (0.3ms)[0m  [1m[32mINSERT INTO "schema_migrations" ("version") VALUES ($1) RETURNING "version"[0m  [["version", "20190911063151"]]
  [1m[35m (43.1ms)[0m  [1m[35mCOMMIT[0m
Migrating to CreateActiveStorageTables (20190911063650)
  [1m[35m (0.3ms)[0m  [1m[35mBEGIN[0m
  [1m[35m (120.7ms)[0m  [1m[35mCREATE TABLE "active_storage_blobs" ("id" bigserial primary key, "key" character varying NOT NULL, "filename" character varying NOT NULL, "content_type" character varying, "metadata" text, "byte_size" bigint NOT NULL, "checksum" character varying NOT NULL, "created_at" timestamp NOT NULL)[0m
  [1m[35m (64.4ms)[0m  [1m[35mCREATE UNIQUE INDEX  "index_active_storage_blobs_on_key" ON "active_storage_blobs"  ("key")[0m
  [1m[35m (200.7ms)[0m  [1m[35mCREATE TABLE "active_storage_attachments" ("id" bigserial primary key, "name" character varying NOT NULL, "record_type" character varying NOT NULL, "record_id" bigint NOT NULL, "blob_id" bigint NOT NULL, "created_at" timestamp NOT NULL, CONSTRAINT "fk_rails_c3b3935057"
FOREIGN KEY ("blob_id")
  REFERENCES "active_storage_blobs" ("id")
)[0m
  [1m[35m (85.9ms)[0m  [1m[35mCREATE  INDEX  "index_active_storage_attachments_on_blob_id" ON "active_storage_attachments"  ("blob_id")[0m
  [1m[35m (64.3ms)[0m  [1m[35mCREATE UNIQUE INDEX  "index_active_storage_attachments_uniqueness" ON "active_storage_attachments"  ("record_type", "record_id", "name", "blob_id")[0m
  [1m[36mprimary::SchemaMigration Create (0.4ms)[0m  [1m[32mINSERT INTO "schema_migrations" ("version") VALUES ($1) RETURNING "version"[0m  [["version", "20190911063650"]]
  [1m[35m (17.7ms)[0m  [1m[35mCOMMIT[0m
  [1m[36mActiveRecord::InternalMetadata Load (0.3ms)[0m  [1m[34mSELECT "ar_internal_metadata".* FROM "ar_internal_metadata" WHERE "ar_internal_metadata"."key" = $1 LIMIT $2[0m  [["key", "environment"], ["LIMIT", 1]]
  [1m[35m (0.2ms)[0m  [1m[35mBEGIN[0m
  [1m[36mActiveRecord::InternalMetadata Create (0.5ms)[0m  [1m[32mINSERT INTO "ar_internal_metadata" ("key", "value", "created_at", "updated_at") VALUES ($1, $2, $3, $4) RETURNING "key"[0m  [["key", "environment"], ["value", "development"], ["created_at", "2019-09-11 12:39:52.070512"], ["updated_at", "2019-09-11 12:39:52.070512"]]
  [1m[35m (15.4ms)[0m  [1m[35mCOMMIT[0m
  [1m[35m (0.3ms)[0m  [1m[34mSELECT pg_advisory_unlock(3281140153614043980)[0m
  [1m[35m (0.6ms)[0m  [1m[34mSELECT "schema_migrations"."version" FROM "schema_migrations" ORDER BY "schema_migrations"."version" ASC[0m
Started GET "/" for ::1 at 2019-09-11 15:40:33 +0300
  [1m[35m (1.1ms)[0m  [1m[34mSELECT "schema_migrations"."version" FROM "schema_migrations" ORDER BY "schema_migrations"."version" ASC[0m
Processing by AccueilController#index as HTML
  Rendering accueil/index.html.erb within layouts/application
  Rendered accueil/index.html.erb within layouts/application (Duration: 2.2ms | Allocations: 199)
  [1m[36mUser Load (0.7ms)[0m  [1m[34mSELECT "users".* FROM "users" WHERE "users"."id" = $1 ORDER BY "users"."id" ASC LIMIT $2[0m  [["id", 2], ["LIMIT", 1]]
  ↳ app/views/layouts/application.html.erb:16
Completed 200 OK in 1657ms (Views: 1577.8ms | ActiveRecord: 7.2ms | Allocations: 1261974)


Started GET "/users/sign_up" for ::1 at 2019-09-11 15:40:37 +0300
Processing by Devise::RegistrationsController#new as HTML
  Rendering devise/registrations/new.html.erb within layouts/application
  Rendered devise/shared/_error_messages.html.erb (Duration: 14.1ms | Allocations: 216)
  Rendered devise/shared/_links.html.erb (Duration: 1.1ms | Allocations: 548)
  Rendered devise/registrations/new.html.erb within layouts/application (Duration: 64.2ms | Allocations: 2862)
Completed 200 OK in 109ms (Views: 83.6ms | ActiveRecord: 0.0ms | Allocations: 20874)


Started POST "/users" for ::1 at 2019-09-11 15:41:03 +0300
Processing by Devise::RegistrationsController#create as HTML
  Parameters: {"authenticity_token"=>"sxkNd7Stkd08mHANk3GeC7ubRdALR6NmJS918UBH+1jsQe6o+C6Ld4W8DosMzb9U0YjQE83O/Yxd7ltIJLCJHw==", "user"=>{"last_name"=>"Rabearison", "first_name"=>"Rianasoa", "email"=>"rina@gmail.com", "password"=>"[FILTERED]", "password_confirmation"=>"[FILTERED]"}, "commit"=>"Sign up"}
  [1m[35m (0.2ms)[0m  [1m[35mBEGIN[0m
  [1m[36mUser Exists? (0.6ms)[0m  [1m[34mSELECT 1 AS one FROM "users" WHERE "users"."email" = $1 LIMIT $2[0m  [["email", "rina@gmail.com"], ["LIMIT", 1]]
  [1m[36mUser Create (0.7ms)[0m  [1m[32mINSERT INTO "users" ("first_name", "last_name", "email", "encrypted_password", "created_at", "updated_at") VALUES ($1, $2, $3, $4, $5, $6) RETURNING "id"[0m  [["first_name", "Rianasoa"], ["last_name", "Rabearison"], ["email", "rina@gmail.com"], ["encrypted_password", "$2a$11$7OfHaLJWso2BjdBl6E6sbeTil4tEdGd4WtkYs7gx3YeI.75vcSdD6"], ["created_at", "2019-09-11 12:41:03.397824"], ["updated_at", "2019-09-11 12:41:03.397824"]]
  Rendering user_mailer/welcome_email.html.erb within layouts/mailer
  Rendered user_mailer/welcome_email.html.erb within layouts/mailer (Duration: 0.4ms | Allocations: 151)
  Rendering user_mailer/welcome_email.text.erb within layouts/mailer
  Rendered user_mailer/welcome_email.text.erb within layouts/mailer (Duration: 0.6ms | Allocations: 130)
UserMailer#welcome_email: processed outbound mail in 41.0ms
Delivered mail 5d78eb5f7efb9_4ba82af2e8f25d7c2086@lenovoa18.mail (136.1ms)
Date: Wed, 11 Sep 2019 15:41:03 +0300
From: madagascar@market.mg
To: rina@gmail.com
Message-ID: <5d78eb5f7efb9_4ba82af2e8f25d7c2086@lenovoa18.mail>
Subject: Bienvenue chez nous !
Mime-Version: 1.0
Content-Type: multipart/alternative;
 boundary="--==_mimepart_5d78eb5f78399_4ba82af2e8f25d7c2071b";
 charset=UTF-8
Content-Transfer-Encoding: 7bit


----==_mimepart_5d78eb5f78399_4ba82af2e8f25d7c2071b
Content-Type: text/plain;
 charset=UTF-8
Content-Transfer-Encoding: base64

U2FsdXQgUmlhbmFzb2EgZXQgYmllbnZlbnVlIGNoZXogbm91cyAhDQo9PT09
PT09PT09PT09PT09PT09PT09PT09PT09PT09PT09PT09PT09PT09PT09PT09
PT09PT09PT09DQogDQpUdSB0J2VzIGluc2NyaXQgc3VyIG1hZGFtYXJrZXQg
ZW4gdXRpbGlzYW50IGwnZS1tYWlsIHN1aXZhbnQgOiByaW5hQGdtYWlsLmNv
bS4NCiANCiANCsOAIHRyw6hzIHZpdGUgc3VyIG1hZGFtYXJrZXQgIQ0K

----==_mimepart_5d78eb5f78399_4ba82af2e8f25d7c2071b
Content-Type: text/html;
 charset=UTF-8
Content-Transfer-Encoding: quoted-printable

<!DOCTYPE html>=0D
<html>=0D
  <head>=0D
    <meta http-equiv=3D"Content-Type" content=3D"text/html; charset=3Dutf=
-8" />=0D
    <style>=0D
      /* Email styles need to be inline */=0D
    </style>=0D
  </head>=0D
=0D
  <body>=0D
    <!DOCTYPE html>=0D
<html>=0D
  <head>=0D
    <meta content=3D'text/html; charset=3DUTF-8' http-equiv=3D'Content-Ty=
pe' />=0D
  </head>=0D
  <body>=0D
    <h1>Salut Rianasoa et bienvenue chez nous !</h1>=0D
    <p>=0D
      Tu t'es inscrit sur madamarket en utilisant l'e-mail suivant : rina=
@gmail.com.=0D
    </p>=0D
  =0D
    <p> =C3=80 tr=C3=A8s vite sur MadaMarket !=0D
    </p>=0D
  </body>=0D
</html>=0D
  </body>=0D
</html>=0D

----==_mimepart_5d78eb5f78399_4ba82af2e8f25d7c2071b--

  [1m[35m (62.7ms)[0m  [1m[35mCOMMIT[0m
Redirected to http://localhost:3000/
Completed 302 Found in 731ms (ActiveRecord: 64.2ms | Allocations: 52310)


Started GET "/" for ::1 at 2019-09-11 15:41:03 +0300
Processing by AccueilController#index as HTML
  Rendering accueil/index.html.erb within layouts/application
  Rendered accueil/index.html.erb within layouts/application (Duration: 0.1ms | Allocations: 4)
  [1m[36mUser Load (0.5ms)[0m  [1m[34mSELECT "users".* FROM "users" WHERE "users"."id" = $1 ORDER BY "users"."id" ASC LIMIT $2[0m  [["id", 1], ["LIMIT", 1]]
  ↳ app/views/layouts/application.html.erb:16
Completed 200 OK in 16ms (Views: 14.7ms | ActiveRecord: 0.5ms | Allocations: 10430)


Started DELETE "/users/sign_out" for ::1 at 2019-09-11 15:51:03 +0300
Processing by Devise::SessionsController#destroy as HTML
  Parameters: {"authenticity_token"=>"MG2zXjs8XSgvCB8amSlFiSifbs6xbxwwiQE0k903oSIO3xnDns3Pyk3hKQ01BIphObs0BAiA9Kn7h37qbyq9qg=="}
  [1m[36mUser Load (0.7ms)[0m  [1m[34mSELECT "users".* FROM "users" WHERE "users"."id" = $1 ORDER BY "users"."id" ASC LIMIT $2[0m  [["id", 1], ["LIMIT", 1]]
Redirected to http://localhost:3000/
Completed 302 Found in 30ms (ActiveRecord: 1.1ms | Allocations: 2935)


Started GET "/" for ::1 at 2019-09-11 15:51:03 +0300
Processing by AccueilController#index as HTML
  Rendering accueil/index.html.erb within layouts/application
  Rendered accueil/index.html.erb within layouts/application (Duration: 0.0ms | Allocations: 4)
Completed 200 OK in 15ms (Views: 14.2ms | ActiveRecord: 0.0ms | Allocations: 9567)


Started GET "/users/sign_in" for ::1 at 2019-09-11 15:51:06 +0300
Processing by Devise::SessionsController#new as HTML
  Rendering devise/sessions/new.html.erb within layouts/application
  Rendered devise/shared/_links.html.erb (Duration: 0.6ms | Allocations: 213)
  Rendered devise/sessions/new.html.erb within layouts/application (Duration: 26.4ms | Allocations: 1715)
Completed 200 OK in 42ms (Views: 40.6ms | ActiveRecord: 0.0ms | Allocations: 12177)


Started GET "/users/sign_up" for ::1 at 2019-09-11 15:51:21 +0300
Processing by Devise::RegistrationsController#new as HTML
  Rendering devise/registrations/new.html.erb within layouts/application
  Rendered devise/shared/_error_messages.html.erb (Duration: 0.0ms | Allocations: 15)
  Rendered devise/shared/_links.html.erb (Duration: 0.2ms | Allocations: 78)
  Rendered devise/registrations/new.html.erb within layouts/application (Duration: 1.9ms | Allocations: 770)
Completed 200 OK in 20ms (Views: 18.0ms | ActiveRecord: 0.0ms | Allocations: 10500)


Started GET "/" for ::1 at 2019-09-11 16:19:01 +0300
Processing by ProductsController#index as HTML
  Rendering products/index.html.erb within layouts/application
  Rendered products/index.html.erb within layouts/application (Duration: 14.0ms | Allocations: 92)
Completed 200 OK in 84ms (Views: 80.4ms | ActiveRecord: 0.0ms | Allocations: 17362)


